<?xml version="1.0" encoding="UTF-8"?>
<!-- Generated by org.testng.reporters.JUnitReportReporter -->
<testsuite hostname="Architha14" failures="0" tests="3" name="com.covidTracker.qa.testcases.CovidTrackerPageTest" time="35.101" errors="0" timestamp="2024-11-29T12:31:38 IST" skipped="0">
  <testcase classname="com.covidTracker.qa.testcases.CovidTrackerPageTest" name="validateTitleText" time="6.990"/>
  <system-out/>
  <testcase classname="com.covidTracker.qa.testcases.CovidTrackerPageTest" name="testSelectStateAndPrintLineChartValues" time="6.694"/>
  <system-out/>
  <testcase classname="com.covidTracker.qa.testcases.CovidTrackerPageTest" name="printLineChartValues" time="21.417"/>
  <system-out/>
</testsuite> <!-- com.covidTracker.qa.testcases.CovidTrackerPageTest -->
